This is pdfTeX, Version 3.141592653-2.6-1.40.26 (MiKTeX 24.4) (preloaded format=pdflatex 2024.4.30)  24 MAR 2026 18:15
entering extended mode
 restricted \write18 enabled.
 file:line:error style messages enabled.
 %&-line parsing enabled.
**c:/Users/Francerso/Documents/Francesco/UNIVERSITA'/OSLO/Tesi/Document/Tesi.tex
(c:/Users/Francerso/Documents/Francesco/UNIVERSITA'/OSLO/Tesi/Document/Tesi.tex
LaTeX2e <2023-11-01> patch level 1
L3 programming layer <2024-03-14>

c:/Users/Francerso/Documents/Francesco/UNIVERSITA'/OSLO/Tesi/Document/Tesi.tex:1: LaTeX Error: \usepackage before \documentclass.

See the LaTeX manual or LaTeX Companion for explanation.
Type  H <return>  for immediate help.
 ...                                              
                                                  
l.1 \usepackage{
                amsmath,amssymb,bm}
\usepackage may only appear in the document preamble, i.e.,
between \documentclass and \begin{document}.


c:/Users/Francerso/Documents/Francesco/UNIVERSITA'/OSLO/Tesi/Document/Tesi.tex:2: LaTeX Error: \usepackage before \documentclass.

See the LaTeX manual or LaTeX Companion for explanation.
Type  H <return>  for immediate help.
 ...                                              
                                                  
l.2 \usepackage{
                braket}
\usepackage may only appear in the document preamble, i.e.,
between \documentclass and \begin{document}.


c:/Users/Francerso/Documents/Francesco/UNIVERSITA'/OSLO/Tesi/Document/Tesi.tex:3: LaTeX Error: \usepackage before \documentclass.

See the LaTeX manual or LaTeX Companion for explanation.
Type  H <return>  for immediate help.
 ...                                              
                                                  
l.3 \usepackage{
                tikz}
\usepackage may only appear in the document preamble, i.e.,
between \documentclass and \begin{document}.

c:/Users/Francerso/Documents/Francesco/UNIVERSITA'/OSLO/Tesi/Document/Tesi.tex:4: Undefined control sequence.
l.4 \usetikzlibrary
                   {arrows.meta,positioning}
The control sequence at the end of the top line
of your error message was never \def'ed. If you have
misspelled it (e.g., `\hobx'), type `I' and the correct
spelling (e.g., `I\hbox'). Otherwise just continue,
and I'll forget about whatever was undefined.


c:/Users/Francerso/Documents/Francesco/UNIVERSITA'/OSLO/Tesi/Document/Tesi.tex:4: LaTeX Error: Missing \begin{document}.

See the LaTeX manual or LaTeX Companion for explanation.
Type  H <return>  for immediate help.
 ...                                              
                                                  
l.4 \usetikzlibrary{a
                     rrows.meta,positioning}
You're in trouble here.  Try typing  <return>  to proceed.
If that doesn't work, type  X <return>  to quit.

Missing character: There is no a in font nullfont!
Missing character: There is no r in font nullfont!
Missing character: There is no r in font nullfont!
Missing character: There is no o in font nullfont!
Missing character: There is no w in font nullfont!
Missing character: There is no s in font nullfont!
Missing character: There is no . in font nullfont!
Missing character: There is no m in font nullfont!
Missing character: There is no e in font nullfont!
Missing character: There is no t in font nullfont!
Missing character: There is no a in font nullfont!
Missing character: There is no , in font nullfont!
Missing character: There is no p in font nullfont!
Missing character: There is no o in font nullfont!
Missing character: There is no s in font nullfont!
Missing character: There is no i in font nullfont!
Missing character: There is no t in font nullfont!
Missing character: There is no i in font nullfont!
Missing character: There is no o in font nullfont!
Missing character: There is no n in font nullfont!
Missing character: There is no i in font nullfont!
Missing character: There is no n in font nullfont!
Missing character: There is no g in font nullfont!

Overfull \hbox (20.0pt too wide) in paragraph at lines 4--5
[] 
 []

(C:\Users\Francerso\AppData\Local\Programs\MiKTeX\tex/latex/l3backend\l3backend-pdftex.def
File: l3backend-pdftex.def 2024-03-14 L3 backend support: PDF output (pdfTeX)
\l__color_backend_stack_int=\count188
\l__pdf_internal_box=\box51
) (Tesi.aux)
\openout1 = `Tesi.aux'.

LaTeX Font Info:    Checking defaults for OML/cmm/m/it on input line 7.
LaTeX Font Info:    ... okay on input line 7.
LaTeX Font Info:    Checking defaults for OMS/cmsy/m/n on input line 7.
LaTeX Font Info:    ... okay on input line 7.
LaTeX Font Info:    Checking defaults for OT1/cmr/m/n on input line 7.
LaTeX Font Info:    ... okay on input line 7.
LaTeX Font Info:    Checking defaults for T1/cmr/m/n on input line 7.
LaTeX Font Info:    ... okay on input line 7.
LaTeX Font Info:    Checking defaults for TS1/cmr/m/n on input line 7.
LaTeX Font Info:    ... okay on input line 7.
LaTeX Font Info:    Checking defaults for OMX/cmex/m/n on input line 7.
LaTeX Font Info:    ... okay on input line 7.
LaTeX Font Info:    Checking defaults for U/cmr/m/n on input line 7.
LaTeX Font Info:    ... okay on input line 7.


c:/Users/Francerso/Documents/Francesco/UNIVERSITA'/OSLO/Tesi/Document/Tesi.tex:7: LaTeX Error: The font size command \normalsize is not defined:
               there is probably something wrong with the class file.

See the LaTeX manual or LaTeX Companion for explanation.
Type  H <return>  for immediate help.
 ...                                              
                                                  
l.7 \begin{document}
                    
Your command was ignored.
Type  I <command> <return>  to replace it with another command,
or  <return>  to continue without it.

c:/Users/Francerso/Documents/Francesco/UNIVERSITA'/OSLO/Tesi/Document/Tesi.tex:8: Undefined control sequence.
l.8 \subsection
               {Quantum control in quantum computing}
The control sequence at the end of the top line
of your error message was never \def'ed. If you have
misspelled it (e.g., `\hobx'), type `I' and the correct
spelling (e.g., `I\hbox'). Otherwise just continue,
and I'll forget about whatever was undefined.

c:/Users/Francerso/Documents/Francesco/UNIVERSITA'/OSLO/Tesi/Document/Tesi.tex:11: Undefined control sequence.
<write> ...: Citation `\@citeb ' on page \thepage 
                                                  \space undefined\on@line .
l.11 ...um,dalessandro2007introduction,niu2018ufo}
                                                  . In a generic closed-syst...
The control sequence at the end of the top line
of your error message was never \def'ed. If you have
misspelled it (e.g., `\hobx'), type `I' and the correct
spelling (e.g., `I\hbox'). Otherwise just continue,
and I'll forget about whatever was undefined.


LaTeX Warning: Citation `nielsen2010quantum' on page  undefined on input line 11.

c:/Users/Francerso/Documents/Francesco/UNIVERSITA'/OSLO/Tesi/Document/Tesi.tex:11: Undefined control sequence.
<write> ...: Citation `\@citeb ' on page \thepage 
                                                  \space undefined\on@line .
l.11 ...um,dalessandro2007introduction,niu2018ufo}
                                                  . In a generic closed-syst...
The control sequence at the end of the top line
of your error message was never \def'ed. If you have
misspelled it (e.g., `\hobx'), type `I' and the correct
spelling (e.g., `I\hbox'). Otherwise just continue,
and I'll forget about whatever was undefined.


LaTeX Warning: Citation `dalessandro2007introduction' on page  undefined on input line 11.

c:/Users/Francerso/Documents/Francesco/UNIVERSITA'/OSLO/Tesi/Document/Tesi.tex:11: Undefined control sequence.
<write> ...: Citation `\@citeb ' on page \thepage 
                                                  \space undefined\on@line .
l.11 ...um,dalessandro2007introduction,niu2018ufo}
                                                  . In a generic closed-syst...
The control sequence at the end of the top line
of your error message was never \def'ed. If you have
misspelled it (e.g., `\hobx'), type `I' and the correct
spelling (e.g., `I\hbox'). Otherwise just continue,
and I'll forget about whatever was undefined.


LaTeX Warning: Citation `niu2018ufo' on page  undefined on input line 11.

LaTeX Font Info:    External font `cmex10' loaded for size
(Font)              <7> on input line 12.
LaTeX Font Info:    External font `cmex10' loaded for size
(Font)              <5> on input line 12.
c:/Users/Francerso/Documents/Francesco/UNIVERSITA'/OSLO/Tesi/Document/Tesi.tex:16: Undefined control sequence.
<recently read> \ket 
                     
l.16 ...control waveforms. The quantum state $\ket
                                                  {\psi(t)}$ then evolves ac...
The control sequence at the end of the top line
of your error message was never \def'ed. If you have
misspelled it (e.g., `\hobx'), type `I' and the correct
spelling (e.g., `I\hbox'). Otherwise just continue,
and I'll forget about whatever was undefined.

c:/Users/Francerso/Documents/Francesco/UNIVERSITA'/OSLO/Tesi/Document/Tesi.tex:18: Undefined control sequence.
l.18 i\hbar \frac{d}{dt}\ket
                            {\psi(t)} = H(t)\ket{\psi(t)},
The control sequence at the end of the top line
of your error message was never \def'ed. If you have
misspelled it (e.g., `\hobx'), type `I' and the correct
spelling (e.g., `I\hbox'). Otherwise just continue,
and I'll forget about whatever was undefined.

c:/Users/Francerso/Documents/Francesco/UNIVERSITA'/OSLO/Tesi/Document/Tesi.tex:18: Undefined control sequence.
l.18 i\hbar \frac{d}{dt}\ket{\psi(t)} = H(t)\ket
                                                {\psi(t)},
The control sequence at the end of the top line
of your error message was never \def'ed. If you have
misspelled it (e.g., `\hobx'), type `I' and the correct
spelling (e.g., `I\hbox'). Otherwise just continue,
and I'll forget about whatever was undefined.

c:/Users/Francerso/Documents/Francesco/UNIVERSITA'/OSLO/Tesi/Document/Tesi.tex:25: Undefined control sequence.
l.25 U(0)=\mathbb
                 {I}.
The control sequence at the end of the top line
of your error message was never \def'ed. If you have
misspelled it (e.g., `\hobx'), type `I' and the correct
spelling (e.g., `I\hbox'). Otherwise just continue,
and I'll forget about whatever was undefined.


c:/Users/Francerso/Documents/Francesco/UNIVERSITA'/OSLO/Tesi/Document/Tesi.tex:40: LaTeX Error: Environment figure undefined.

See the LaTeX manual or LaTeX Companion for explanation.
Type  H <return>  for immediate help.
 ...                                              
                                                  
l.40 \begin{figure}
                   [t]
Your command was ignored.
Type  I <command> <return>  to replace it with another command,
or  <return>  to continue without it.


c:/Users/Francerso/Documents/Francesco/UNIVERSITA'/OSLO/Tesi/Document/Tesi.tex:42: LaTeX Error: Environment tikzpicture undefined.

See the LaTeX manual or LaTeX Companion for explanation.
Type  H <return>  for immediate help.
 ...                                              
                                                  
l.42     \begin{tikzpicture}
                            [
Your command was ignored.
Type  I <command> <return>  to replace it with another command,
or  <return>  to continue without it.

c:/Users/Francerso/Documents/Francesco/UNIVERSITA'/OSLO/Tesi/Document/Tesi.tex:53: Undefined control sequence.
l.53         \node
                  [box] (alg) {Quantum algorithm\\or computational task};
The control sequence at the end of the top line
of your error message was never \def'ed. If you have
misspelled it (e.g., `\hobx'), type `I' and the correct
spelling (e.g., `I\hbox'). Otherwise just continue,
and I'll forget about whatever was undefined.

c:/Users/Francerso/Documents/Francesco/UNIVERSITA'/OSLO/Tesi/Document/Tesi.tex:54: Undefined control sequence.
l.54         \node
                  [box, right=of alg] (target) {Target unitary\\$U_{\mathrm{...
The control sequence at the end of the top line
of your error message was never \def'ed. If you have
misspelled it (e.g., `\hobx'), type `I' and the correct
spelling (e.g., `I\hbox'). Otherwise just continue,
and I'll forget about whatever was undefined.

c:/Users/Francerso/Documents/Francesco/UNIVERSITA'/OSLO/Tesi/Document/Tesi.tex:55: Undefined control sequence.
l.55         \node
                  [box, right=of target] (controls) {Control functions\\$\{u...
The control sequence at the end of the top line
of your error message was never \def'ed. If you have
misspelled it (e.g., `\hobx'), type `I' and the correct
spelling (e.g., `I\hbox'). Otherwise just continue,
and I'll forget about whatever was undefined.

c:/Users/Francerso/Documents/Francesco/UNIVERSITA'/OSLO/Tesi/Document/Tesi.tex:56: Undefined control sequence.
l.56         \node
                  [box, right=of controls] (dyn) {Hamiltonian evolution\\Eq....
The control sequence at the end of the top line
of your error message was never \def'ed. If you have
misspelled it (e.g., `\hobx'), type `I' and the correct
spelling (e.g., `I\hbox'). Otherwise just continue,
and I'll forget about whatever was undefined.

c:/Users/Francerso/Documents/Francesco/UNIVERSITA'/OSLO/Tesi/Document/Tesi.tex:56: Undefined control sequence.
l.56 ...] (dyn) {Hamiltonian evolution\\Eq.~\eqref
                                                  {eq:time_ordered_propagato...
The control sequence at the end of the top line
of your error message was never \def'ed. If you have
misspelled it (e.g., `\hobx'), type `I' and the correct
spelling (e.g., `I\hbox'). Otherwise just continue,
and I'll forget about whatever was undefined.

c:/Users/Francerso/Documents/Francesco/UNIVERSITA'/OSLO/Tesi/Document/Tesi.tex:56: Missing $ inserted.
<inserted text> 
                $
l.56 ...Hamiltonian evolution\\Eq.~\eqref{eq:time_
                                                  ordered_propagator}};
I've inserted a begin-math/end-math symbol since I think
you left one out. Proceed, with fingers crossed.

c:/Users/Francerso/Documents/Francesco/UNIVERSITA'/OSLO/Tesi/Document/Tesi.tex:56: Extra }, or forgotten $.
l.56 ...on\\Eq.~\eqref{eq:time_ordered_propagator}
                                                  };
I've deleted a group-closing symbol because it seems to be
spurious, as in `$x}$'. But perhaps the } is legitimate and
you forgot something else, as in `\hbox{$x}'. In such cases
the way to recover is to insert both the forgotten and the
deleted material, e.g., by typing `I$}'.

c:/Users/Francerso/Documents/Francesco/UNIVERSITA'/OSLO/Tesi/Document/Tesi.tex:56: Extra }, or forgotten $.
l.56 ...n\\Eq.~\eqref{eq:time_ordered_propagator}}
                                                  ;
I've deleted a group-closing symbol because it seems to be
spurious, as in `$x}$'. But perhaps the } is legitimate and
you forgot something else, as in `\hbox{$x}'. In such cases
the way to recover is to insert both the forgotten and the
deleted material, e.g., by typing `I$}'.

c:/Users/Francerso/Documents/Francesco/UNIVERSITA'/OSLO/Tesi/Document/Tesi.tex:57: Undefined control sequence.
l.57         \node
                  [box, right=of dyn] (impl) {Implemented gate\\$U(T)$};
The control sequence at the end of the top line
of your error message was never \def'ed. If you have
misspelled it (e.g., `\hobx'), type `I' and the correct
spelling (e.g., `I\hbox'). Otherwise just continue,
and I'll forget about whatever was undefined.


c:/Users/Francerso/Documents/Francesco/UNIVERSITA'/OSLO/Tesi/Document/Tesi.tex:57: LaTeX Error: There's no line here to end.

See the LaTeX manual or LaTeX Companion for explanation.
Type  H <return>  for immediate help.
 ...                                              
                                                  
l.57 ..., right=of dyn] (impl) {Implemented gate\\
                                                  $U(T)$};
Your command was ignored.
Type  I <command> <return>  to replace it with another command,
or  <return>  to continue without it.

c:/Users/Francerso/Documents/Francesco/UNIVERSITA'/OSLO/Tesi/Document/Tesi.tex:57: Missing $ inserted.
<inserted text> 
                $
l.57 ..., right=of dyn] (impl) {Implemented gate\\
                                                  $U(T)$};
I've inserted a begin-math/end-math symbol since I think
you left one out. Proceed, with fingers crossed.

c:/Users/Francerso/Documents/Francesco/UNIVERSITA'/OSLO/Tesi/Document/Tesi.tex:57: Missing } inserted.
<inserted text> 
                }
l.57 ..., right=of dyn] (impl) {Implemented gate\\
                                                  $U(T)$};
I've inserted something that you may have forgotten.
(See the <inserted text> above.)
With luck, this will get me unwedged. But if you
really didn't forget anything, try typing `2' now; then
my insertion and my current dilemma will both disappear.

c:/Users/Francerso/Documents/Francesco/UNIVERSITA'/OSLO/Tesi/Document/Tesi.tex:59: Undefined control sequence.
l.59         \draw
                  [->] (alg) -- (target);
The control sequence at the end of the top line
of your error message was never \def'ed. If you have
misspelled it (e.g., `\hobx'), type `I' and the correct
spelling (e.g., `I\hbox'). Otherwise just continue,
and I'll forget about whatever was undefined.

c:/Users/Francerso/Documents/Francesco/UNIVERSITA'/OSLO/Tesi/Document/Tesi.tex:60: Undefined control sequence.
l.60         \draw
                  [->] (target) -- (controls);
The control sequence at the end of the top line
of your error message was never \def'ed. If you have
misspelled it (e.g., `\hobx'), type `I' and the correct
spelling (e.g., `I\hbox'). Otherwise just continue,
and I'll forget about whatever was undefined.

c:/Users/Francerso/Documents/Francesco/UNIVERSITA'/OSLO/Tesi/Document/Tesi.tex:61: Undefined control sequence.
l.61         \draw
                  [->] (controls) -- (dyn);
The control sequence at the end of the top line
of your error message was never \def'ed. If you have
misspelled it (e.g., `\hobx'), type `I' and the correct
spelling (e.g., `I\hbox'). Otherwise just continue,
and I'll forget about whatever was undefined.

c:/Users/Francerso/Documents/Francesco/UNIVERSITA'/OSLO/Tesi/Document/Tesi.tex:62: Undefined control sequence.
l.62         \draw
                  [->] (dyn) -- (impl);
The control sequence at the end of the top line
of your error message was never \def'ed. If you have
misspelled it (e.g., `\hobx'), type `I' and the correct
spelling (e.g., `I\hbox'). Otherwise just continue,
and I'll forget about whatever was undefined.

c:/Users/Francerso/Documents/Francesco/UNIVERSITA'/OSLO/Tesi/Document/Tesi.tex:63: Undefined control sequence.
l.63         \draw
                  [->, bend left=20] (impl.north) to node[above]{comparison ...
The control sequence at the end of the top line
of your error message was never \def'ed. If you have
misspelled it (e.g., `\hobx'), type `I' and the correct
spelling (e.g., `I\hbox'). Otherwise just continue,
and I'll forget about whatever was undefined.


c:/Users/Francerso/Documents/Francesco/UNIVERSITA'/OSLO/Tesi/Document/Tesi.tex:64: LaTeX Error: \begin{document} ended by \end{tikzpicture}.

See the LaTeX manual or LaTeX Companion for explanation.
Type  H <return>  for immediate help.
 ...                                              
                                                  
l.64     \end{tikzpicture}
                          
Your command was ignored.
Type  I <command> <return>  to replace it with another command,
or  <return>  to continue without it.

c:/Users/Francerso/Documents/Francesco/UNIVERSITA'/OSLO/Tesi/Document/Tesi.tex:64: Missing } inserted.
<inserted text> 
                }
l.64     \end{tikzpicture}
                          
I've inserted something that you may have forgotten.
(See the <inserted text> above.)
With luck, this will get me unwedged. But if you
really didn't forget anything, try typing `2' now; then
my insertion and my current dilemma will both disappear.


c:/Users/Francerso/Documents/Francesco/UNIVERSITA'/OSLO/Tesi/Document/Tesi.tex:65: LaTeX Error: \caption outside float.

See the LaTeX manual or LaTeX Companion for explanation.
Type  H <return>  for immediate help.
 ...                                              
                                                  
l.65     \caption
                 {Conceptual pipeline of Hamiltonian-based quantum control. ...
You're in trouble here.  Try typing  <return>  to proceed.
If that doesn't work, type  X <return>  to quit.


c:/Users/Francerso/Documents/Francesco/UNIVERSITA'/OSLO/Tesi/Document/Tesi.tex:67: LaTeX Error: \begin{document} ended by \end{figure}.

See the LaTeX manual or LaTeX Companion for explanation.
Type  H <return>  for immediate help.
 ...                                              
                                                  
l.67 \end{figure}
                 
Your command was ignored.
Type  I <command> <return>  to replace it with another command,
or  <return>  to continue without it.

c:/Users/Francerso/Documents/Francesco/UNIVERSITA'/OSLO/Tesi/Document/Tesi.tex:69: Undefined control sequence.
<write> ...: Citation `\@citeb ' on page \thepage 
                                                  \space undefined\on@line .
l.69 ...ze it \cite{nielsen2010quantum,niu2018ufo}
                                                  . In the ideal closed-syst...
The control sequence at the end of the top line
of your error message was never \def'ed. If you have
misspelled it (e.g., `\hobx'), type `I' and the correct
spelling (e.g., `I\hbox'). Otherwise just continue,
and I'll forget about whatever was undefined.


LaTeX Warning: Citation `nielsen2010quantum' on page  undefined on input line 69.

c:/Users/Francerso/Documents/Francesco/UNIVERSITA'/OSLO/Tesi/Document/Tesi.tex:69: Undefined control sequence.
<write> ...: Citation `\@citeb ' on page \thepage 
                                                  \space undefined\on@line .
l.69 ...ze it \cite{nielsen2010quantum,niu2018ufo}
                                                  . In the ideal closed-syst...
The control sequence at the end of the top line
of your error message was never \def'ed. If you have
misspelled it (e.g., `\hobx'), type `I' and the correct
spelling (e.g., `I\hbox'). Otherwise just continue,
and I'll forget about whatever was undefined.


LaTeX Warning: Citation `niu2018ufo' on page  undefined on input line 69.

c:/Users/Francerso/Documents/Francesco/UNIVERSITA'/OSLO/Tesi/Document/Tesi.tex:91: Undefined control sequence.
l.91 \bra
         {\psi}
The control sequence at the end of the top line
of your error message was never \def'ed. If you have
misspelled it (e.g., `\hobx'), type `I' and the correct
spelling (e.g., `I\hbox'). Otherwise just continue,
and I'll forget about whatever was undefined.

c:/Users/Francerso/Documents/Francesco/UNIVERSITA'/OSLO/Tesi/Document/Tesi.tex:93: Undefined control sequence.
l.93 \,\mathcal{E}\!\left(\ket
                              {\psi}\bra{\psi}\right)
The control sequence at the end of the top line
of your error message was never \def'ed. If you have
misspelled it (e.g., `\hobx'), type `I' and the correct
spelling (e.g., `I\hbox'). Otherwise just continue,
and I'll forget about whatever was undefined.

c:/Users/Francerso/Documents/Francesco/UNIVERSITA'/OSLO/Tesi/Document/Tesi.tex:93: Undefined control sequence.
l.93 \,\mathcal{E}\!\left(\ket{\psi}\bra
                                        {\psi}\right)
The control sequence at the end of the top line
of your error message was never \def'ed. If you have
misspelled it (e.g., `\hobx'), type `I' and the correct
spelling (e.g., `I\hbox'). Otherwise just continue,
and I'll forget about whatever was undefined.

c:/Users/Francerso/Documents/Francesco/UNIVERSITA'/OSLO/Tesi/Document/Tesi.tex:95: Undefined control sequence.
l.95 \ket
         {\psi},
The control sequence at the end of the top line
of your error message was never \def'ed. If you have
misspelled it (e.g., `\hobx'), type `I' and the correct
spelling (e.g., `I\hbox'). Otherwise just continue,
and I'll forget about whatever was undefined.

c:/Users/Francerso/Documents/Francesco/UNIVERSITA'/OSLO/Tesi/Document/Tesi.tex:98: Undefined control sequence.
l.98 ... $U_{\mathrm{target}}$ and $V$, Eq.~\eqref
                                                  {eq:average_gate_fidelity_...
The control sequence at the end of the top line
of your error message was never \def'ed. If you have
misspelled it (e.g., `\hobx'), type `I' and the correct
spelling (e.g., `I\hbox'). Otherwise just continue,
and I'll forget about whatever was undefined.

c:/Users/Francerso/Documents/Francesco/UNIVERSITA'/OSLO/Tesi/Document/Tesi.tex:98: Missing $ inserted.
<inserted text> 
                $
l.98 ...{target}}$ and $V$, Eq.~\eqref{eq:average_
                                                  gate_fidelity_channel} red...
I've inserted a begin-math/end-math symbol since I think
you left one out. Proceed, with fingers crossed.

c:/Users/Francerso/Documents/Francesco/UNIVERSITA'/OSLO/Tesi/Document/Tesi.tex:98: Extra }, or forgotten $.
l.98 ....~\eqref{eq:average_gate_fidelity_channel}
                                                   reduces to
I've deleted a group-closing symbol because it seems to be
spurious, as in `$x}$'. But perhaps the } is legitimate and
you forgot something else, as in `\hbox{$x}'. In such cases
the way to recover is to insert both the forgotten and the
deleted material, e.g., by typing `I$}'.

c:/Users/Francerso/Documents/Francesco/UNIVERSITA'/OSLO/Tesi/Document/Tesi.tex:99: Missing \endgroup inserted.
<inserted text> 
                \endgroup 
l.99 \begin{equation}
                     
I've inserted something that you may have forgotten.
(See the <inserted text> above.)
With luck, this will get me unwedged. But if you
really didn't forget anything, try typing `2' now; then
my insertion and my current dilemma will both disappear.

c:/Users/Francerso/Documents/Francesco/UNIVERSITA'/OSLO/Tesi/Document/Tesi.tex:108: You can't use `\eqno' in math mode.
\eqno ->\@kernel@eqno 
                      \aftergroup \ignorespaces 
l.108 \end{equation}
                    
Sorry, but I'm not programmed to handle this case;
I'll just pretend that you didn't ask for it.
If you're in the wrong mode, you might be able to
return to the right one by typing `I}' or `I$' or `I\par'.


c:/Users/Francerso/Documents/Francesco/UNIVERSITA'/OSLO/Tesi/Document/Tesi.tex:108: LaTeX Error: \begin{document} ended by \end{equation}.

See the LaTeX manual or LaTeX Companion for explanation.
Type  H <return>  for immediate help.
 ...                                              
                                                  
l.108 \end{equation}
                    
Your command was ignored.
Type  I <command> <return>  to replace it with another command,
or  <return>  to continue without it.

c:/Users/Francerso/Documents/Francesco/UNIVERSITA'/OSLO/Tesi/Document/Tesi.tex:108: Missing $ inserted.
<inserted text> 
                $
l.108 \end{equation}
                    
I've inserted something that you may have forgotten.
(See the <inserted text> above.)
With luck, this will get me unwedged. But if you
really didn't forget anything, try typing `2' now; then
my insertion and my current dilemma will both disappear.

c:/Users/Francerso/Documents/Francesco/UNIVERSITA'/OSLO/Tesi/Document/Tesi.tex:108: Missing } inserted.
<inserted text> 
                }
l.108 \end{equation}
                    
I've inserted something that you may have forgotten.
(See the <inserted text> above.)
With luck, this will get me unwedged. But if you
really didn't forget anything, try typing `2' now; then
my insertion and my current dilemma will both disappear.

c:/Users/Francerso/Documents/Francesco/UNIVERSITA'/OSLO/Tesi/Document/Tesi.tex:108: Extra \endgroup.
<recently read> \endgroup 
                          
l.108 \end{equation}
                    
Things are pretty mixed up, but I think the worst is over.

c:/Users/Francerso/Documents/Francesco/UNIVERSITA'/OSLO/Tesi/Document/Tesi.tex:118: Undefined control sequence.
l.118 ...stic formulations then augment Eq.~\eqref
                                                  {eq:generic_background_cos...
The control sequence at the end of the top line
of your error message was never \def'ed. If you have
misspelled it (e.g., `\hobx'), type `I' and the correct
spelling (e.g., `I\hbox'). Otherwise just continue,
and I'll forget about whatever was undefined.

c:/Users/Francerso/Documents/Francesco/UNIVERSITA'/OSLO/Tesi/Document/Tesi.tex:118: Missing $ inserted.
<inserted text> 
                $
l.118 ...tions then augment Eq.~\eqref{eq:generic_
                                                  background_cost} by adding...
I've inserted a begin-math/end-math symbol since I think
you left one out. Proceed, with fingers crossed.

c:/Users/Francerso/Documents/Francesco/UNIVERSITA'/OSLO/Tesi/Document/Tesi.tex:118: Extra }, or forgotten $.
l.118 ...nt Eq.~\eqref{eq:generic_background_cost}
                                                   by adding penalties for l...
I've deleted a group-closing symbol because it seems to be
spurious, as in `$x}$'. But perhaps the } is legitimate and
you forgot something else, as in `\hbox{$x}'. In such cases
the way to recover is to insert both the forgotten and the
deleted material, e.g., by typing `I$}'.

c:/Users/Francerso/Documents/Francesco/UNIVERSITA'/OSLO/Tesi/Document/Tesi.tex:119: Missing $ inserted.
<inserted text> 
                $
l.119 
      
I've inserted a begin-math/end-math symbol since I think
you left one out. Proceed, with fingers crossed.

c:/Users/Francerso/Documents/Francesco/UNIVERSITA'/OSLO/Tesi/Document/Tesi.tex:129: Undefined control sequence.
<write> ...: Citation `\@citeb ' on page \thepage 
                                                  \space undefined\on@line .
l.129 ...a long compiled circuit \cite{niu2018ufo}
                                                  . Whether this is possible...
The control sequence at the end of the top line
of your error message was never \def'ed. If you have
misspelled it (e.g., `\hobx'), type `I' and the correct
spelling (e.g., `I\hbox'). Otherwise just continue,
and I'll forget about whatever was undefined.


LaTeX Warning: Citation `niu2018ufo' on page  undefined on input line 129.

c:/Users/Francerso/Documents/Francesco/UNIVERSITA'/OSLO/Tesi/Document/Tesi.tex:131: Undefined control sequence.
l.131 \mathfrak
               {L}
The control sequence at the end of the top line
of your error message was never \def'ed. If you have
misspelled it (e.g., `\hobx'), type `I' and the correct
spelling (e.g., `I\hbox'). Otherwise just continue,
and I'll forget about whatever was undefined.

c:/Users/Francerso/Documents/Francesco/UNIVERSITA'/OSLO/Tesi/Document/Tesi.tex:133: Undefined control sequence.
l.133 \operatorname
                   {Lie}\!\left\{
The control sequence at the end of the top line
of your error message was never \def'ed. If you have
misspelled it (e.g., `\hobx'), type `I' and the correct
spelling (e.g., `I\hbox'). Otherwise just continue,
and I'll forget about whatever was undefined.

c:/Users/Francerso/Documents/Francesco/UNIVERSITA'/OSLO/Tesi/Document/Tesi.tex:138: Undefined control sequence.
<write> ...: Citation `\@citeb ' on page \thepage 
                                                  \space undefined\on@line .
l.138 ...tation \cite{dalessandro2007introduction}
                                                  . If $\mathfrak{L}=\mathfr...
The control sequence at the end of the top line
of your error message was never \def'ed. If you have
misspelled it (e.g., `\hobx'), type `I' and the correct
spelling (e.g., `I\hbox'). Otherwise just continue,
and I'll forget about whatever was undefined.


LaTeX Warning: Citation `dalessandro2007introduction' on page  undefined on input line 138.

c:/Users/Francerso/Documents/Francesco/UNIVERSITA'/OSLO/Tesi/Document/Tesi.tex:138: Undefined control sequence.
<recently read> \mathfrak 
                          
l.138 ...lessandro2007introduction}. If $\mathfrak
                                                  {L}=\mathfrak{su}(d)$, or ...
The control sequence at the end of the top line
of your error message was never \def'ed. If you have
misspelled it (e.g., `\hobx'), type `I' and the correct
spelling (e.g., `I\hbox'). Otherwise just continue,
and I'll forget about whatever was undefined.

c:/Users/Francerso/Documents/Francesco/UNIVERSITA'/OSLO/Tesi/Document/Tesi.tex:138: Undefined control sequence.
l.138 ...introduction}. If $\mathfrak{L}=\mathfrak
                                                  {su}(d)$, or $\mathfrak{u}...
The control sequence at the end of the top line
of your error message was never \def'ed. If you have
misspelled it (e.g., `\hobx'), type `I' and the correct
spelling (e.g., `I\hbox'). Otherwise just continue,
and I'll forget about whatever was undefined.

c:/Users/Francerso/Documents/Francesco/UNIVERSITA'/OSLO/Tesi/Document/Tesi.tex:138: Undefined control sequence.
<recently read> \mathfrak 
                          
l.138 ...hfrak{L}=\mathfrak{su}(d)$, or $\mathfrak
                                                  {u}(d)$ when global phases...
The control sequence at the end of the top line
of your error message was never \def'ed. If you have
misspelled it (e.g., `\hobx'), type `I' and the correct
spelling (e.g., `I\hbox'). Otherwise just continue,
and I'll forget about whatever was undefined.


c:/Users/Francerso/Documents/Francesco/UNIVERSITA'/OSLO/Tesi/Document/Tesi.tex:139: LaTeX Error: The font size command \normalsize is not defined:
               there is probably something wrong with the class file.

See the LaTeX manual or LaTeX Companion for explanation.
Type  H <return>  for immediate help.
 ...                                              
                                                  
l.139 \end{document}
                    
Your command was ignored.
Type  I <command> <return>  to replace it with another command,
or  <return>  to continue without it.

[1{C:/Users/Francerso/AppData/Local/MiKTeX/fonts/map/pdftex/pdftex.map}
c:/Users/Francerso/Documents/Francesco/UNIVERSITA'/OSLO/Tesi/Document/Tesi.tex:139: Undefined control sequence.
<write> ...subsec:quantum_control_qc}{{}{\thepage 
                                                  }{}{}{}}
l.139 \end{document}
                    
The control sequence at the end of the top line
of your error message was never \def'ed. If you have
misspelled it (e.g., `\hobx'), type `I' and the correct
spelling (e.g., `I\hbox'). Otherwise just continue,
and I'll forget about whatever was undefined.

c:/Users/Francerso/Documents/Francesco/UNIVERSITA'/OSLO/Tesi/Document/Tesi.tex:139: Undefined control sequence.
<write> ...l{eq:control_hamiltonian}{{1}{\thepage 
                                                  }{}{}{}}
l.139 \end{document}
                    
The control sequence at the end of the top line
of your error message was never \def'ed. If you have
misspelled it (e.g., `\hobx'), type `I' and the correct
spelling (e.g., `I\hbox'). Otherwise just continue,
and I'll forget about whatever was undefined.

c:/Users/Francerso/Documents/Francesco/UNIVERSITA'/OSLO/Tesi/Document/Tesi.tex:139: Undefined control sequence.
<write> ...l{eq:schrodinger_control}{{2}{\thepage 
                                                  }{}{}{}}
l.139 \end{document}
                    
The control sequence at the end of the top line
of your error message was never \def'ed. If you have
misspelled it (e.g., `\hobx'), type `I' and the correct
spelling (e.g., `I\hbox'). Otherwise just continue,
and I'll forget about whatever was undefined.

c:/Users/Francerso/Documents/Francesco/UNIVERSITA'/OSLO/Tesi/Document/Tesi.tex:139: Undefined control sequence.
<write> ...l{eq:propagator_equation}{{3}{\thepage 
                                                  }{}{}{}}
l.139 \end{document}
                    
The control sequence at the end of the top line
of your error message was never \def'ed. If you have
misspelled it (e.g., `\hobx'), type `I' and the correct
spelling (e.g., `I\hbox'). Otherwise just continue,
and I'll forget about whatever was undefined.

c:/Users/Francerso/Documents/Francesco/UNIVERSITA'/OSLO/Tesi/Document/Tesi.tex:139: Undefined control sequence.
<write> ...:time_ordered_propagator}{{4}{\thepage 
                                                  }{}{}{}}
l.139 \end{document}
                    
The control sequence at the end of the top line
of your error message was never \def'ed. If you have
misspelled it (e.g., `\hobx'), type `I' and the correct
spelling (e.g., `I\hbox'). Otherwise just continue,
and I'll forget about whatever was undefined.

c:/Users/Francerso/Documents/Francesco/UNIVERSITA'/OSLO/Tesi/Document/Tesi.tex:139: Undefined control sequence.
<write> ...eq:target_gate_condition}{{5}{\thepage 
                                                  }{}{}{}}
l.139 \end{document}
                    
The control sequence at the end of the top line
of your error message was never \def'ed. If you have
misspelled it (e.g., `\hobx'), type `I' and the correct
spelling (e.g., `I\hbox'). Otherwise just continue,
and I'll forget about whatever was undefined.

c:/Users/Francerso/Documents/Francesco/UNIVERSITA'/OSLO/Tesi/Document/Tesi.tex:139: Undefined control sequence.
<write> ...abel{fig:control_pipeline}{{}{\thepage 
                                                  }{}{}{}}
l.139 \end{document}
                    
The control sequence at the end of the top line
of your error message was never \def'ed. If you have
misspelled it (e.g., `\hobx'), type `I' and the correct
spelling (e.g., `I\hbox'). Otherwise just continue,
and I'll forget about whatever was undefined.

c:/Users/Francerso/Documents/Francesco/UNIVERSITA'/OSLO/Tesi/Document/Tesi.tex:139: Undefined control sequence.
<write> ...abel{eq:process_fidelity}{{6}{\thepage 
                                                  }{}{}{}}
l.139 \end{document}
                    
The control sequence at the end of the top line
of your error message was never \def'ed. If you have
misspelled it (e.g., `\hobx'), type `I' and the correct
spelling (e.g., `I\hbox'). Otherwise just continue,
and I'll forget about whatever was undefined.

c:/Users/Francerso/Documents/Francesco/UNIVERSITA'/OSLO/Tesi/Document/Tesi.tex:139: Undefined control sequence.
<write> ...:gate_infidelity_generic}{{7}{\thepage 
                                                  }{}{}{}}
l.139 \end{document}
                    
The control sequence at the end of the top line
of your error message was never \def'ed. If you have
misspelled it (e.g., `\hobx'), type `I' and the correct
spelling (e.g., `I\hbox'). Otherwise just continue,
and I'll forget about whatever was undefined.

c:/Users/Francerso/Documents/Francesco/UNIVERSITA'/OSLO/Tesi/Document/Tesi.tex:139: Undefined control sequence.
<write> ...ge_gate_fidelity_channel}{{8}{\thepage 
                                                  }{}{}{}}
l.139 \end{document}
                    
The control sequence at the end of the top line
of your error message was never \def'ed. If you have
misspelled it (e.g., `\hobx'), type `I' and the correct
spelling (e.g., `I\hbox'). Otherwise just continue,
and I'll forget about whatever was undefined.

c:/Users/Francerso/Documents/Francesco/UNIVERSITA'/OSLO/Tesi/Document/Tesi.tex:139: Undefined control sequence.
<write> ...ge_gate_fidelity_unitary}{{9}{\thepage 
                                                  }{}{}{}}
l.139 \end{document}
                    
The control sequence at the end of the top line
of your error message was never \def'ed. If you have
misspelled it (e.g., `\hobx'), type `I' and the correct
spelling (e.g., `I\hbox'). Otherwise just continue,
and I'll forget about whatever was undefined.

c:/Users/Francerso/Documents/Francesco/UNIVERSITA'/OSLO/Tesi/Document/Tesi.tex:139: Undefined control sequence.
<write> ...generic_background_cost}{{10}{\thepage 
                                                  }{}{}{}}
l.139 \end{document}
                    
The control sequence at the end of the top line
of your error message was never \def'ed. If you have
misspelled it (e.g., `\hobx'), type `I' and the correct
spelling (e.g., `I\hbox'). Otherwise just continue,
and I'll forget about whatever was undefined.

c:/Users/Francerso/Documents/Francesco/UNIVERSITA'/OSLO/Tesi/Document/Tesi.tex:139: Undefined control sequence.
<write> ...synthesis_decomposition}{{11}{\thepage 
                                                  }{}{}{}}
l.139 \end{document}
                    
The control sequence at the end of the top line
of your error message was never \def'ed. If you have
misspelled it (e.g., `\hobx'), type `I' and the correct
spelling (e.g., `I\hbox'). Otherwise just continue,
and I'll forget about whatever was undefined.

c:/Users/Francerso/Documents/Francesco/UNIVERSITA'/OSLO/Tesi/Document/Tesi.tex:139: Undefined control sequence.
<write> ...{eq:dynamic_lie_algebra}{{12}{\thepage 
                                                  }{}{}{}}
l.139 \end{document}
                    
The control sequence at the end of the top line
of your error message was never \def'ed. If you have
misspelled it (e.g., `\hobx'), type `I' and the correct
spelling (e.g., `I\hbox'). Otherwise just continue,
and I'll forget about whatever was undefined.

] (Tesi.aux)
 ***********
LaTeX2e <2023-11-01> patch level 1
L3 programming layer <2024-03-14>
 ***********


LaTeX Warning: There were undefined references.


LaTeX Warning: Label(s) may have changed. Rerun to get cross-references right.

 )
(\end occurred inside a group at level 1)

### simple group (level 1) entered at line 118 ({)
### bottom level 
Here is how much of TeX's memory you used:
 250 strings out of 474424
 6864 string characters out of 5739851
 1944496 words of memory out of 5000000
 22684 multiletter control sequences out of 15000+600000
 558723 words of font info for 38 fonts, out of 8000000 for 9000
 1141 hyphenation exceptions out of 8191
 35i,6n,50p,1102b,100s stack positions out of 10000i,1000n,20000p,200000b,200000s
<C:/Users/Francerso/AppData/Local/Programs/MiKTeX/fonts/type1/public/amsfonts/cm/cmbx10.pfb><C:/Users/Francerso/AppData/Local/Programs/MiKTeX/fonts/type1/public/amsfonts/cm/cmex10.pfb><C:/Users/Francerso/AppData/Local/Programs/MiKTeX/fonts/type1/public/amsfonts/cm/cmmi10.pfb><C:/Users/Francerso/AppData/Local/Programs/MiKTeX/fonts/type1/public/amsfonts/cm/cmmi7.pfb><C:/Users/Francerso/AppData/Local/Programs/MiKTeX/fonts/type1/public/amsfonts/cm/cmr10.pfb><C:/Users/Francerso/AppData/Local/Programs/MiKTeX/fonts/type1/public/amsfonts/cm/cmr5.pfb><C:/Users/Francerso/AppData/Local/Programs/MiKTeX/fonts/type1/public/amsfonts/cm/cmr7.pfb><C:/Users/Francerso/AppData/Local/Programs/MiKTeX/fonts/type1/public/amsfonts/cm/cmsy10.pfb><C:/Users/Francerso/AppData/Local/Programs/MiKTeX/fonts/type1/public/amsfonts/cm/cmsy5.pfb><C:/Users/Francerso/AppData/Local/Programs/MiKTeX/fonts/type1/public/amsfonts/cm/cmsy7.pfb><C:/Users/Francerso/AppData/Local/Programs/MiKTeX/fonts/type1/public/amsfonts/cm/cmti10.pfb>
Output written on Tesi.pdf (1 page, 141973 bytes).
PDF statistics:
 61 PDF objects out of 1000 (max. 8388607)
 0 named destinations out of 1000 (max. 500000)
 1 words of extra memory for PDF output out of 10000 (max. 10000000)

